<?xml version="1.0" encoding="UTF-8"?>
<testng-results skipped="0" failed="1" total="3" passed="2">
  <reporter-output>
  </reporter-output>
  <suite name="Suite" duration-ms="24112" started-at="2017-07-24T21:41:59Z" finished-at="2017-07-24T21:42:23Z">
    <groups>
    </groups>
    <test name="Test" duration-ms="81" started-at="2017-07-24T21:41:59Z" finished-at="2017-07-24T21:41:59Z">
      <class name="automationtesting.AppTest">
        <test-method status="PASS" signature="testApp()[pri:0, instance:automationtesting.AppTest@6a41eaa2]" name="testApp" duration-ms="42" started-at="2017-07-24T16:41:59Z" finished-at="2017-07-24T16:41:59Z">
          <reporter-output>
          </reporter-output>
        </test-method> <!-- testApp -->
      </class> <!-- automationtesting.AppTest -->
    </test> <!-- Test -->
    <test name="Test User Login" duration-ms="11452" started-at="2017-07-24T21:41:59Z" finished-at="2017-07-24T21:42:11Z">
      <class name="automationtesting.LoginUILABSGuest">
        <test-method status="PASS" signature="initialize()[pri:0, instance:automationtesting.LoginUILABSGuest@11c9af63]" name="initialize" is-config="true" duration-ms="4796" started-at="2017-07-24T16:41:59Z" finished-at="2017-07-24T16:42:04Z">
          <reporter-output>
          </reporter-output>
        </test-method> <!-- initialize -->
        <test-method status="PASS" signature="loginGuest()[pri:0, instance:automationtesting.LoginUILABSGuest@11c9af63]" name="loginGuest" duration-ms="6177" started-at="2017-07-24T16:42:04Z" finished-at="2017-07-24T16:42:10Z">
          <reporter-output>
          </reporter-output>
        </test-method> <!-- loginGuest -->
        <test-method status="PASS" signature="teardown()[pri:0, instance:automationtesting.LoginUILABSGuest@11c9af63]" name="teardown" is-config="true" duration-ms="461" started-at="2017-07-24T16:42:10Z" finished-at="2017-07-24T16:42:11Z">
          <reporter-output>
          </reporter-output>
        </test-method> <!-- teardown -->
      </class> <!-- automationtesting.LoginUILABSGuest -->
    </test> <!-- Test User Login -->
    <test name="Title" duration-ms="12547" started-at="2017-07-24T21:42:11Z" finished-at="2017-07-24T21:42:23Z">
      <class name="automationtesting.validateTitle">
        <test-method status="PASS" signature="initialize()[pri:0, instance:automationtesting.validateTitle@3cc1435c]" name="initialize" is-config="true" duration-ms="9263" started-at="2017-07-24T16:42:11Z" finished-at="2017-07-24T16:42:20Z">
          <reporter-output>
          </reporter-output>
        </test-method> <!-- initialize -->
        <test-method status="FAIL" signature="validateAppTitle()[pri:0, instance:automationtesting.validateTitle@3cc1435c]" name="validateAppTitle" duration-ms="2677" started-at="2017-07-24T16:42:20Z" finished-at="2017-07-24T16:42:23Z">
          <exception class="java.lang.AssertionError">
            <message>
              <![CDATA[expected [DIGITAL MANUFACTURIhNG COMMONS] but found [DIGITAL MANUFACTURING COMMONS]]]>
            </message>
            <full-stacktrace>
              <![CDATA[java.lang.AssertionError: expected [DIGITAL MANUFACTURIhNG COMMONS] but found [DIGITAL MANUFACTURING COMMONS]
	at org.testng.Assert.fail(Assert.java:94)
	at org.testng.Assert.failNotEquals(Assert.java:494)
	at org.testng.Assert.assertEquals(Assert.java:123)
	at org.testng.Assert.assertEquals(Assert.java:176)
	at org.testng.Assert.assertEquals(Assert.java:186)
	at automationtesting.validateTitle.validateAppTitle(validateTitle.java:37)
	at sun.reflect.NativeMethodAccessorImpl.invoke0(Native Method)
	at sun.reflect.NativeMethodAccessorImpl.invoke(NativeMethodAccessorImpl.java:62)
	at sun.reflect.DelegatingMethodAccessorImpl.invoke(DelegatingMethodAccessorImpl.java:43)
	at java.lang.reflect.Method.invoke(Method.java:498)
	at org.testng.internal.MethodInvocationHelper.invokeMethod(MethodInvocationHelper.java:80)
	at org.testng.internal.Invoker.invokeMethod(Invoker.java:714)
	at org.testng.internal.Invoker.invokeTestMethod(Invoker.java:901)
	at org.testng.internal.Invoker.invokeTestMethods(Invoker.java:1231)
	at org.testng.internal.TestMethodWorker.invokeTestMethods(TestMethodWorker.java:127)
	at org.testng.internal.TestMethodWorker.run(TestMethodWorker.java:111)
	at org.testng.TestRunner.privateRun(TestRunner.java:767)
	at org.testng.TestRunner.run(TestRunner.java:617)
	at org.testng.SuiteRunner.runTest(SuiteRunner.java:334)
	at org.testng.SuiteRunner.runSequentially(SuiteRunner.java:329)
	at org.testng.SuiteRunner.privateRun(SuiteRunner.java:291)
	at org.testng.SuiteRunner.run(SuiteRunner.java:240)
	at org.testng.SuiteRunnerWorker.runSuite(SuiteRunnerWorker.java:52)
	at org.testng.SuiteRunnerWorker.run(SuiteRunnerWorker.java:86)
	at org.testng.TestNG.runSuitesSequentially(TestNG.java:1198)
	at org.testng.TestNG.runSuitesLocally(TestNG.java:1123)
	at org.testng.TestNG.run(TestNG.java:1031)
	at org.testng.remote.AbstractRemoteTestNG.run(AbstractRemoteTestNG.java:132)
	at org.testng.remote.RemoteTestNG.initAndRun(RemoteTestNG.java:230)
	at org.testng.remote.RemoteTestNG.main(RemoteTestNG.java:76)
]]>
            </full-stacktrace>
          </exception> <!-- java.lang.AssertionError -->
          <reporter-output>
          </reporter-output>
        </test-method> <!-- validateAppTitle -->
        <test-method status="PASS" signature="teardown()[pri:0, instance:automationtesting.validateTitle@3cc1435c]" name="teardown" is-config="true" duration-ms="167" started-at="2017-07-24T16:42:23Z" finished-at="2017-07-24T16:42:23Z">
          <reporter-output>
          </reporter-output>
        </test-method> <!-- teardown -->
      </class> <!-- automationtesting.validateTitle -->
    </test> <!-- Title -->
  </suite> <!-- Suite -->
</testng-results>
